g++  -fPIC -O3 -std=c++11 -mcmodel=large  -Wconversion -DCSIM_DEBUG  -c sim.cpp -o sim
sim.cpp:7: warning: "CSIM_DEBUG" redefined
 #define CSIM_DEBUG
 
<command-line>: note: this is the location of the previous definition
sim.cpp: In function ‘void load_from_files()’:
sim.cpp:118:89: error: no matching function for call to ‘load_fp_and_fixp_vals<fm_t, 3, 224, 224>(float [3][224][224], fm_t [3][224][224], std::__cxx11::basic_string<char>)’
     load_fp_and_fixp_vals<fm_t, 3,224,224>(input, fixp_input, root_dir + VAR_NAME(input));
                                                                                         ^
In file included from sim.cpp:9:
util.h:33:6: note: candidate: ‘template<class fixp_t, int F, int C, int M, int N> void load_fp_and_fixp_vals(float****, fixp_t****, std::__cxx11::string)’
 void load_fp_and_fixp_vals(float**** fp_arr, fixp_t**** fixp_arr, const std::string filepath){
      ^~~~~~~~~~~~~~~~~~~~~
util.h:33:6: note:   template argument deduction/substitution failed:
sim.cpp:118:89: note:   couldn't deduce template parameter ‘N’
     load_fp_and_fixp_vals<fm_t, 3,224,224>(input, fixp_input, root_dir + VAR_NAME(input));
                                                                                         ^
In file included from sim.cpp:9:
util.h:136:6: note: candidate: ‘template<class fixp_t, int C, int M, int N> void load_fp_and_fixp_vals(float***, fixp_t***, std::__cxx11::string)’
 void load_fp_and_fixp_vals(float*** fp_arr, fixp_t*** fixp_arr, const std::string filepath){
      ^~~~~~~~~~~~~~~~~~~~~
util.h:136:6: note:   template argument deduction/substitution failed:
sim.cpp:118:44: note:   cannot convert ‘input’ (type ‘float [3][224][224]’) to type ‘float***’
     load_fp_and_fixp_vals<fm_t, 3,224,224>(input, fixp_input, root_dir + VAR_NAME(input));
                                            ^~~~~
In file included from sim.cpp:9:
util.h:146:6: note: candidate: ‘template<class fixp_t, int M, int N> void load_fp_and_fixp_vals(float**, fixp_t**, std::__cxx11::string)’
 void load_fp_and_fixp_vals(float** fp_arr, fixp_t** fixp_arr, const std::string filepath){
      ^~~~~~~~~~~~~~~~~~~~~
util.h:146:6: note:   template argument deduction/substitution failed:
sim.cpp:118:89: error: wrong number of template arguments (4, should be 3)
     load_fp_and_fixp_vals<fm_t, 3,224,224>(input, fixp_input, root_dir + VAR_NAME(input));
                                                                                         ^
In file included from sim.cpp:9:
util.h:156:6: note: candidate: ‘template<class fixp_t, int N> void load_fp_and_fixp_vals(float*, fixp_t*, std::__cxx11::string)’
 void load_fp_and_fixp_vals(float* fp_arr, fixp_t* fixp_arr, const std::string filepath){
      ^~~~~~~~~~~~~~~~~~~~~
util.h:156:6: note:   template argument deduction/substitution failed:
sim.cpp:118:89: error: wrong number of template arguments (4, should be 2)
     load_fp_and_fixp_vals<fm_t, 3,224,224>(input, fixp_input, root_dir + VAR_NAME(input));
                                                                                         ^
sim.cpp:120:109: error: no matching function for call to ‘load_fp_and_fixp_vals<wt_t, 64, 3, 7, 7>(float [64][3][7][7], wt_t [64][3][7][7], std::__cxx11::basic_string<char>)’
     load_fp_and_fixp_vals<wt_t, 64,3,7,7>(conv1_weight, fixp_conv1_weight, root_dir + VAR_NAME(conv1_weight));
                                                                                                             ^
In file included from sim.cpp:9:
util.h:33:6: note: candidate: ‘template<class fixp_t, int F, int C, int M, int N> void load_fp_and_fixp_vals(float****, fixp_t****, std::__cxx11::string)’
 void load_fp_and_fixp_vals(float**** fp_arr, fixp_t**** fixp_arr, const std::string filepath){
      ^~~~~~~~~~~~~~~~~~~~~
util.h:33:6: note:   template argument deduction/substitution failed:
sim.cpp:120:43: note:   cannot convert ‘conv1_weight’ (type ‘float [64][3][7][7]’) to type ‘float****’
     load_fp_and_fixp_vals<wt_t, 64,3,7,7>(conv1_weight, fixp_conv1_weight, root_dir + VAR_NAME(conv1_weight));
                                           ^~~~~~~~~~~~
In file included from sim.cpp:9:
util.h:136:6: note: candidate: ‘template<class fixp_t, int C, int M, int N> void load_fp_and_fixp_vals(float***, fixp_t***, std::__cxx11::string)’
 void load_fp_and_fixp_vals(float*** fp_arr, fixp_t*** fixp_arr, const std::string filepath){
      ^~~~~~~~~~~~~~~~~~~~~
util.h:136:6: note:   template argument deduction/substitution failed:
sim.cpp:120:109: error: wrong number of template arguments (5, should be 4)
     load_fp_and_fixp_vals<wt_t, 64,3,7,7>(conv1_weight, fixp_conv1_weight, root_dir + VAR_NAME(conv1_weight));
                                                                                                             ^
In file included from sim.cpp:9:
util.h:146:6: note: candidate: ‘template<class fixp_t, int M, int N> void load_fp_and_fixp_vals(float**, fixp_t**, std::__cxx11::string)’
 void load_fp_and_fixp_vals(float** fp_arr, fixp_t** fixp_arr, const std::string filepath){
      ^~~~~~~~~~~~~~~~~~~~~
util.h:146:6: note:   template argument deduction/substitution failed:
sim.cpp:120:109: error: wrong number of template arguments (5, should be 3)
     load_fp_and_fixp_vals<wt_t, 64,3,7,7>(conv1_weight, fixp_conv1_weight, root_dir + VAR_NAME(conv1_weight));
                                                                                                             ^
In file included from sim.cpp:9:
util.h:156:6: note: candidate: ‘template<class fixp_t, int N> void load_fp_and_fixp_vals(float*, fixp_t*, std::__cxx11::string)’
 void load_fp_and_fixp_vals(float* fp_arr, fixp_t* fixp_arr, const std::string filepath){
      ^~~~~~~~~~~~~~~~~~~~~
util.h:156:6: note:   template argument deduction/substitution failed:
sim.cpp:120:109: error: wrong number of template arguments (5, should be 2)
     load_fp_and_fixp_vals<wt_t, 64,3,7,7>(conv1_weight, fixp_conv1_weight, root_dir + VAR_NAME(conv1_weight));
                                                                                                             ^
sim.cpp:122:113: error: no matching function for call to ‘load_fp_and_fixp_vals<wt_t, 64, 64, 3, 3>(float [64][64][3][3], wt_t [64][64][3][3], std::__cxx11::basic_string<char>)’
     load_fp_and_fixp_vals<wt_t, 64,64,3,3>(l10_c1_weight, fixp_l10_c1_weight, root_dir + VAR_NAME(l10_c1_weight));
                                                                                                                 ^
In file included from sim.cpp:9:
util.h:33:6: note: candidate: ‘template<class fixp_t, int F, int C, int M, int N> void load_fp_and_fixp_vals(float****, fixp_t****, std::__cxx11::string)’
 void load_fp_and_fixp_vals(float**** fp_arr, fixp_t**** fixp_arr, const std::string filepath){
      ^~~~~~~~~~~~~~~~~~~~~
util.h:33:6: note:   template argument deduction/substitution failed:
sim.cpp:122:44: note:   cannot convert ‘l10_c1_weight’ (type ‘float [64][64][3][3]’) to type ‘float****’
     load_fp_and_fixp_vals<wt_t, 64,64,3,3>(l10_c1_weight, fixp_l10_c1_weight, root_dir + VAR_NAME(l10_c1_weight));
                                            ^~~~~~~~~~~~~
In file included from sim.cpp:9:
util.h:136:6: note: candidate: ‘template<class fixp_t, int C, int M, int N> void load_fp_and_fixp_vals(float***, fixp_t***, std::__cxx11::string)’
 void load_fp_and_fixp_vals(float*** fp_arr, fixp_t*** fixp_arr, const std::string filepath){
      ^~~~~~~~~~~~~~~~~~~~~
util.h:136:6: note:   template argument deduction/substitution failed:
sim.cpp:122:113: error: wrong number of template arguments (5, should be 4)
     load_fp_and_fixp_vals<wt_t, 64,64,3,3>(l10_c1_weight, fixp_l10_c1_weight, root_dir + VAR_NAME(l10_c1_weight));
                                                                                                                 ^
In file included from sim.cpp:9:
util.h:146:6: note: candidate: ‘template<class fixp_t, int M, int N> void load_fp_and_fixp_vals(float**, fixp_t**, std::__cxx11::string)’
 void load_fp_and_fixp_vals(float** fp_arr, fixp_t** fixp_arr, const std::string filepath){
      ^~~~~~~~~~~~~~~~~~~~~
util.h:146:6: note:   template argument deduction/substitution failed:
sim.cpp:122:113: error: wrong number of template arguments (5, should be 3)
     load_fp_and_fixp_vals<wt_t, 64,64,3,3>(l10_c1_weight, fixp_l10_c1_weight, root_dir + VAR_NAME(l10_c1_weight));
                                                                                                                 ^
In file included from sim.cpp:9:
util.h:156:6: note: candidate: ‘template<class fixp_t, int N> void load_fp_and_fixp_vals(float*, fixp_t*, std::__cxx11::string)’
 void load_fp_and_fixp_vals(float* fp_arr, fixp_t* fixp_arr, const std::string filepath){
      ^~~~~~~~~~~~~~~~~~~~~
util.h:156:6: note:   template argument deduction/substitution failed:
sim.cpp:122:113: error: wrong number of template arguments (5, should be 2)
     load_fp_and_fixp_vals<wt_t, 64,64,3,3>(l10_c1_weight, fixp_l10_c1_weight, root_dir + VAR_NAME(l10_c1_weight));
                                                                                                                 ^
sim.cpp:124:113: error: no matching function for call to ‘load_fp_and_fixp_vals<wt_t, 64, 64, 3, 3>(float [64][64][3][3], wt_t [64][64][3][3], std::__cxx11::basic_string<char>)’
     load_fp_and_fixp_vals<wt_t, 64,64,3,3>(l10_c2_weight, fixp_l10_c2_weight, root_dir + VAR_NAME(l10_c2_weight));
                                                                                                                 ^
In file included from sim.cpp:9:
util.h:33:6: note: candidate: ‘template<class fixp_t, int F, int C, int M, int N> void load_fp_and_fixp_vals(float****, fixp_t****, std::__cxx11::string)’
 void load_fp_and_fixp_vals(float**** fp_arr, fixp_t**** fixp_arr, const std::string filepath){
      ^~~~~~~~~~~~~~~~~~~~~
util.h:33:6: note:   template argument deduction/substitution failed:
sim.cpp:124:44: note:   cannot convert ‘l10_c2_weight’ (type ‘float [64][64][3][3]’) to type ‘float****’
     load_fp_and_fixp_vals<wt_t, 64,64,3,3>(l10_c2_weight, fixp_l10_c2_weight, root_dir + VAR_NAME(l10_c2_weight));
                                            ^~~~~~~~~~~~~
In file included from sim.cpp:9:
util.h:136:6: note: candidate: ‘template<class fixp_t, int C, int M, int N> void load_fp_and_fixp_vals(float***, fixp_t***, std::__cxx11::string)’
 void load_fp_and_fixp_vals(float*** fp_arr, fixp_t*** fixp_arr, const std::string filepath){
      ^~~~~~~~~~~~~~~~~~~~~
util.h:136:6: note:   template argument deduction/substitution failed:
sim.cpp:124:113: error: wrong number of template arguments (5, should be 4)
     load_fp_and_fixp_vals<wt_t, 64,64,3,3>(l10_c2_weight, fixp_l10_c2_weight, root_dir + VAR_NAME(l10_c2_weight));
                                                                                                                 ^
In file included from sim.cpp:9:
util.h:146:6: note: candidate: ‘template<class fixp_t, int M, int N> void load_fp_and_fixp_vals(float**, fixp_t**, std::__cxx11::string)’
 void load_fp_and_fixp_vals(float** fp_arr, fixp_t** fixp_arr, const std::string filepath){
      ^~~~~~~~~~~~~~~~~~~~~
util.h:146:6: note:   template argument deduction/substitution failed:
sim.cpp:124:113: error: wrong number of template arguments (5, should be 3)
     load_fp_and_fixp_vals<wt_t, 64,64,3,3>(l10_c2_weight, fixp_l10_c2_weight, root_dir + VAR_NAME(l10_c2_weight));
                                                                                                                 ^
In file included from sim.cpp:9:
util.h:156:6: note: candidate: ‘template<class fixp_t, int N> void load_fp_and_fixp_vals(float*, fixp_t*, std::__cxx11::string)’
 void load_fp_and_fixp_vals(float* fp_arr, fixp_t* fixp_arr, const std::string filepath){
      ^~~~~~~~~~~~~~~~~~~~~
util.h:156:6: note:   template argument deduction/substitution failed:
sim.cpp:124:113: error: wrong number of template arguments (5, should be 2)
     load_fp_and_fixp_vals<wt_t, 64,64,3,3>(l10_c2_weight, fixp_l10_c2_weight, root_dir + VAR_NAME(l10_c2_weight));
                                                                                                                 ^
sim.cpp:126:113: error: no matching function for call to ‘load_fp_and_fixp_vals<wt_t, 64, 64, 3, 3>(float [64][64][3][3], wt_t [64][64][3][3], std::__cxx11::basic_string<char>)’
     load_fp_and_fixp_vals<wt_t, 64,64,3,3>(l11_c1_weight, fixp_l11_c1_weight, root_dir + VAR_NAME(l11_c1_weight));
                                                                                                                 ^
In file included from sim.cpp:9:
util.h:33:6: note: candidate: ‘template<class fixp_t, int F, int C, int M, int N> void load_fp_and_fixp_vals(float****, fixp_t****, std::__cxx11::string)’
 void load_fp_and_fixp_vals(float**** fp_arr, fixp_t**** fixp_arr, const std::string filepath){
      ^~~~~~~~~~~~~~~~~~~~~
util.h:33:6: note:   template argument deduction/substitution failed:
sim.cpp:126:44: note:   cannot convert ‘l11_c1_weight’ (type ‘float [64][64][3][3]’) to type ‘float****’
     load_fp_and_fixp_vals<wt_t, 64,64,3,3>(l11_c1_weight, fixp_l11_c1_weight, root_dir + VAR_NAME(l11_c1_weight));
                                            ^~~~~~~~~~~~~
In file included from sim.cpp:9:
util.h:136:6: note: candidate: ‘template<class fixp_t, int C, int M, int N> void load_fp_and_fixp_vals(float***, fixp_t***, std::__cxx11::string)’
 void load_fp_and_fixp_vals(float*** fp_arr, fixp_t*** fixp_arr, const std::string filepath){
      ^~~~~~~~~~~~~~~~~~~~~
util.h:136:6: note:   template argument deduction/substitution failed:
sim.cpp:126:113: error: wrong number of template arguments (5, should be 4)
     load_fp_and_fixp_vals<wt_t, 64,64,3,3>(l11_c1_weight, fixp_l11_c1_weight, root_dir + VAR_NAME(l11_c1_weight));
                                                                                                                 ^
In file included from sim.cpp:9:
util.h:146:6: note: candidate: ‘template<class fixp_t, int M, int N> void load_fp_and_fixp_vals(float**, fixp_t**, std::__cxx11::string)’
 void load_fp_and_fixp_vals(float** fp_arr, fixp_t** fixp_arr, const std::string filepath){
      ^~~~~~~~~~~~~~~~~~~~~
util.h:146:6: note:   template argument deduction/substitution failed:
sim.cpp:126:113: error: wrong number of template arguments (5, should be 3)
     load_fp_and_fixp_vals<wt_t, 64,64,3,3>(l11_c1_weight, fixp_l11_c1_weight, root_dir + VAR_NAME(l11_c1_weight));
                                                                                                                 ^
In file included from sim.cpp:9:
util.h:156:6: note: candidate: ‘template<class fixp_t, int N> void load_fp_and_fixp_vals(float*, fixp_t*, std::__cxx11::string)’
 void load_fp_and_fixp_vals(float* fp_arr, fixp_t* fixp_arr, const std::string filepath){
      ^~~~~~~~~~~~~~~~~~~~~
util.h:156:6: note:   template argument deduction/substitution failed:
sim.cpp:126:113: error: wrong number of template arguments (5, should be 2)
     load_fp_and_fixp_vals<wt_t, 64,64,3,3>(l11_c1_weight, fixp_l11_c1_weight, root_dir + VAR_NAME(l11_c1_weight));
                                                                                                                 ^
sim.cpp:128:113: error: no matching function for call to ‘load_fp_and_fixp_vals<wt_t, 64, 64, 3, 3>(float [64][64][3][3], wt_t [64][64][3][3], std::__cxx11::basic_string<char>)’
     load_fp_and_fixp_vals<wt_t, 64,64,3,3>(l11_c2_weight, fixp_l11_c2_weight, root_dir + VAR_NAME(l11_c2_weight));
                                                                                                                 ^
In file included from sim.cpp:9:
util.h:33:6: note: candidate: ‘template<class fixp_t, int F, int C, int M, int N> void load_fp_and_fixp_vals(float****, fixp_t****, std::__cxx11::string)’
 void load_fp_and_fixp_vals(float**** fp_arr, fixp_t**** fixp_arr, const std::string filepath){
      ^~~~~~~~~~~~~~~~~~~~~
util.h:33:6: note:   template argument deduction/substitution failed:
sim.cpp:128:44: note:   cannot convert ‘l11_c2_weight’ (type ‘float [64][64][3][3]’) to type ‘float****’
     load_fp_and_fixp_vals<wt_t, 64,64,3,3>(l11_c2_weight, fixp_l11_c2_weight, root_dir + VAR_NAME(l11_c2_weight));
                                            ^~~~~~~~~~~~~
In file included from sim.cpp:9:
util.h:136:6: note: candidate: ‘template<class fixp_t, int C, int M, int N> void load_fp_and_fixp_vals(float***, fixp_t***, std::__cxx11::string)’
 void load_fp_and_fixp_vals(float*** fp_arr, fixp_t*** fixp_arr, const std::string filepath){
      ^~~~~~~~~~~~~~~~~~~~~
util.h:136:6: note:   template argument deduction/substitution failed:
sim.cpp:128:113: error: wrong number of template arguments (5, should be 4)
     load_fp_and_fixp_vals<wt_t, 64,64,3,3>(l11_c2_weight, fixp_l11_c2_weight, root_dir + VAR_NAME(l11_c2_weight));
                                                                                                                 ^
In file included from sim.cpp:9:
util.h:146:6: note: candidate: ‘template<class fixp_t, int M, int N> void load_fp_and_fixp_vals(float**, fixp_t**, std::__cxx11::string)’
 void load_fp_and_fixp_vals(float** fp_arr, fixp_t** fixp_arr, const std::string filepath){
      ^~~~~~~~~~~~~~~~~~~~~
util.h:146:6: note:   template argument deduction/substitution failed:
sim.cpp:128:113: error: wrong number of template arguments (5, should be 3)
     load_fp_and_fixp_vals<wt_t, 64,64,3,3>(l11_c2_weight, fixp_l11_c2_weight, root_dir + VAR_NAME(l11_c2_weight));
                                                                                                                 ^
In file included from sim.cpp:9:
util.h:156:6: note: candidate: ‘template<class fixp_t, int N> void load_fp_and_fixp_vals(float*, fixp_t*, std::__cxx11::string)’
 void load_fp_and_fixp_vals(float* fp_arr, fixp_t* fixp_arr, const std::string filepath){
      ^~~~~~~~~~~~~~~~~~~~~
util.h:156:6: note:   template argument deduction/substitution failed:
sim.cpp:128:113: error: wrong number of template arguments (5, should be 2)
     load_fp_and_fixp_vals<wt_t, 64,64,3,3>(l11_c2_weight, fixp_l11_c2_weight, root_dir + VAR_NAME(l11_c2_weight));
                                                                                                                 ^
sim.cpp:130:111: error: no matching function for call to ‘load_fp_and_fixp_vals<wt_t, 128, 64, 1, 1>(float [128][64][1][1], wt_t [128][64][1][1], std::__cxx11::basic_string<char>)’
     load_fp_and_fixp_vals<wt_t, 128,64,1,1>(l2_ds_weight, fixp_l2_ds_weight, root_dir + VAR_NAME(l2_ds_weight));
                                                                                                               ^
In file included from sim.cpp:9:
util.h:33:6: note: candidate: ‘template<class fixp_t, int F, int C, int M, int N> void load_fp_and_fixp_vals(float****, fixp_t****, std::__cxx11::string)’
 void load_fp_and_fixp_vals(float**** fp_arr, fixp_t**** fixp_arr, const std::string filepath){
      ^~~~~~~~~~~~~~~~~~~~~
util.h:33:6: note:   template argument deduction/substitution failed:
sim.cpp:130:45: note:   cannot convert ‘l2_ds_weight’ (type ‘float [128][64][1][1]’) to type ‘float****’
     load_fp_and_fixp_vals<wt_t, 128,64,1,1>(l2_ds_weight, fixp_l2_ds_weight, root_dir + VAR_NAME(l2_ds_weight));
                                             ^~~~~~~~~~~~
In file included from sim.cpp:9:
util.h:136:6: note: candidate: ‘template<class fixp_t, int C, int M, int N> void load_fp_and_fixp_vals(float***, fixp_t***, std::__cxx11::string)’
 void load_fp_and_fixp_vals(float*** fp_arr, fixp_t*** fixp_arr, const std::string filepath){
      ^~~~~~~~~~~~~~~~~~~~~
util.h:136:6: note:   template argument deduction/substitution failed:
sim.cpp:130:111: error: wrong number of template arguments (5, should be 4)
     load_fp_and_fixp_vals<wt_t, 128,64,1,1>(l2_ds_weight, fixp_l2_ds_weight, root_dir + VAR_NAME(l2_ds_weight));
                                                                                                               ^
In file included from sim.cpp:9:
util.h:146:6: note: candidate: ‘template<class fixp_t, int M, int N> void load_fp_and_fixp_vals(float**, fixp_t**, std::__cxx11::string)’
 void load_fp_and_fixp_vals(float** fp_arr, fixp_t** fixp_arr, const std::string filepath){
      ^~~~~~~~~~~~~~~~~~~~~
util.h:146:6: note:   template argument deduction/substitution failed:
sim.cpp:130:111: error: wrong number of template arguments (5, should be 3)
     load_fp_and_fixp_vals<wt_t, 128,64,1,1>(l2_ds_weight, fixp_l2_ds_weight, root_dir + VAR_NAME(l2_ds_weight));
                                                                                                               ^
In file included from sim.cpp:9:
util.h:156:6: note: candidate: ‘template<class fixp_t, int N> void load_fp_and_fixp_vals(float*, fixp_t*, std::__cxx11::string)’
 void load_fp_and_fixp_vals(float* fp_arr, fixp_t* fixp_arr, const std::string filepath){
      ^~~~~~~~~~~~~~~~~~~~~
util.h:156:6: note:   template argument deduction/substitution failed:
sim.cpp:130:111: error: wrong number of template arguments (5, should be 2)
     load_fp_and_fixp_vals<wt_t, 128,64,1,1>(l2_ds_weight, fixp_l2_ds_weight, root_dir + VAR_NAME(l2_ds_weight));
                                                                                                               ^
sim.cpp:132:114: error: no matching function for call to ‘load_fp_and_fixp_vals<wt_t, 128, 64, 3, 3>(float [128][64][3][3], wt_t [128][64][3][3], std::__cxx11::basic_string<char>)’
     load_fp_and_fixp_vals<wt_t, 128,64,3,3>(l20_c1_weight, fixp_l20_c1_weight, root_dir + VAR_NAME(l20_c1_weight));
                                                                                                                  ^
In file included from sim.cpp:9:
util.h:33:6: note: candidate: ‘template<class fixp_t, int F, int C, int M, int N> void load_fp_and_fixp_vals(float****, fixp_t****, std::__cxx11::string)’
 void load_fp_and_fixp_vals(float**** fp_arr, fixp_t**** fixp_arr, const std::string filepath){
      ^~~~~~~~~~~~~~~~~~~~~
util.h:33:6: note:   template argument deduction/substitution failed:
sim.cpp:132:45: note:   cannot convert ‘l20_c1_weight’ (type ‘float [128][64][3][3]’) to type ‘float****’
     load_fp_and_fixp_vals<wt_t, 128,64,3,3>(l20_c1_weight, fixp_l20_c1_weight, root_dir + VAR_NAME(l20_c1_weight));
                                             ^~~~~~~~~~~~~
In file included from sim.cpp:9:
util.h:136:6: note: candidate: ‘template<class fixp_t, int C, int M, int N> void load_fp_and_fixp_vals(float***, fixp_t***, std::__cxx11::string)’
 void load_fp_and_fixp_vals(float*** fp_arr, fixp_t*** fixp_arr, const std::string filepath){
      ^~~~~~~~~~~~~~~~~~~~~
util.h:136:6: note:   template argument deduction/substitution failed:
sim.cpp:132:114: error: wrong number of template arguments (5, should be 4)
     load_fp_and_fixp_vals<wt_t, 128,64,3,3>(l20_c1_weight, fixp_l20_c1_weight, root_dir + VAR_NAME(l20_c1_weight));
                                                                                                                  ^
In file included from sim.cpp:9:
util.h:146:6: note: candidate: ‘template<class fixp_t, int M, int N> void load_fp_and_fixp_vals(float**, fixp_t**, std::__cxx11::string)’
 void load_fp_and_fixp_vals(float** fp_arr, fixp_t** fixp_arr, const std::string filepath){
      ^~~~~~~~~~~~~~~~~~~~~
util.h:146:6: note:   template argument deduction/substitution failed:
sim.cpp:132:114: error: wrong number of template arguments (5, should be 3)
     load_fp_and_fixp_vals<wt_t, 128,64,3,3>(l20_c1_weight, fixp_l20_c1_weight, root_dir + VAR_NAME(l20_c1_weight));
                                                                                                                  ^
In file included from sim.cpp:9:
util.h:156:6: note: candidate: ‘template<class fixp_t, int N> void load_fp_and_fixp_vals(float*, fixp_t*, std::__cxx11::string)’
 void load_fp_and_fixp_vals(float* fp_arr, fixp_t* fixp_arr, const std::string filepath){
      ^~~~~~~~~~~~~~~~~~~~~
util.h:156:6: note:   template argument deduction/substitution failed:
sim.cpp:132:114: error: wrong number of template arguments (5, should be 2)
     load_fp_and_fixp_vals<wt_t, 128,64,3,3>(l20_c1_weight, fixp_l20_c1_weight, root_dir + VAR_NAME(l20_c1_weight));
                                                                                                                  ^
sim.cpp:134:115: error: no matching function for call to ‘load_fp_and_fixp_vals<wt_t, 128, 128, 3, 3>(float [128][128][3][3], wt_t [128][128][3][3], std::__cxx11::basic_string<char>)’
     load_fp_and_fixp_vals<wt_t, 128,128,3,3>(l20_c2_weight, fixp_l20_c2_weight, root_dir + VAR_NAME(l20_c2_weight));
                                                                                                                   ^
In file included from sim.cpp:9:
util.h:33:6: note: candidate: ‘template<class fixp_t, int F, int C, int M, int N> void load_fp_and_fixp_vals(float****, fixp_t****, std::__cxx11::string)’
 void load_fp_and_fixp_vals(float**** fp_arr, fixp_t**** fixp_arr, const std::string filepath){
      ^~~~~~~~~~~~~~~~~~~~~
util.h:33:6: note:   template argument deduction/substitution failed:
sim.cpp:134:46: note:   cannot convert ‘l20_c2_weight’ (type ‘float [128][128][3][3]’) to type ‘float****’
     load_fp_and_fixp_vals<wt_t, 128,128,3,3>(l20_c2_weight, fixp_l20_c2_weight, root_dir + VAR_NAME(l20_c2_weight));
                                              ^~~~~~~~~~~~~
In file included from sim.cpp:9:
util.h:136:6: note: candidate: ‘template<class fixp_t, int C, int M, int N> void load_fp_and_fixp_vals(float***, fixp_t***, std::__cxx11::string)’
 void load_fp_and_fixp_vals(float*** fp_arr, fixp_t*** fixp_arr, const std::string filepath){
      ^~~~~~~~~~~~~~~~~~~~~
util.h:136:6: note:   template argument deduction/substitution failed:
sim.cpp:134:115: error: wrong number of template arguments (5, should be 4)
     load_fp_and_fixp_vals<wt_t, 128,128,3,3>(l20_c2_weight, fixp_l20_c2_weight, root_dir + VAR_NAME(l20_c2_weight));
                                                                                                                   ^
In file included from sim.cpp:9:
util.h:146:6: note: candidate: ‘template<class fixp_t, int M, int N> void load_fp_and_fixp_vals(float**, fixp_t**, std::__cxx11::string)’
 void load_fp_and_fixp_vals(float** fp_arr, fixp_t** fixp_arr, const std::string filepath){
      ^~~~~~~~~~~~~~~~~~~~~
util.h:146:6: note:   template argument deduction/substitution failed:
sim.cpp:134:115: error: wrong number of template arguments (5, should be 3)
     load_fp_and_fixp_vals<wt_t, 128,128,3,3>(l20_c2_weight, fixp_l20_c2_weight, root_dir + VAR_NAME(l20_c2_weight));
                                                                                                                   ^
In file included from sim.cpp:9:
util.h:156:6: note: candidate: ‘template<class fixp_t, int N> void load_fp_and_fixp_vals(float*, fixp_t*, std::__cxx11::string)’
 void load_fp_and_fixp_vals(float* fp_arr, fixp_t* fixp_arr, const std::string filepath){
      ^~~~~~~~~~~~~~~~~~~~~
util.h:156:6: note:   template argument deduction/substitution failed:
sim.cpp:134:115: error: wrong number of template arguments (5, should be 2)
     load_fp_and_fixp_vals<wt_t, 128,128,3,3>(l20_c2_weight, fixp_l20_c2_weight, root_dir + VAR_NAME(l20_c2_weight));
                                                                                                                   ^
sim.cpp:136:115: error: no matching function for call to ‘load_fp_and_fixp_vals<wt_t, 128, 128, 3, 3>(float [128][128][3][3], wt_t [128][128][3][3], std::__cxx11::basic_string<char>)’
     load_fp_and_fixp_vals<wt_t, 128,128,3,3>(l21_c1_weight, fixp_l21_c1_weight, root_dir + VAR_NAME(l21_c1_weight));
                                                                                                                   ^
In file included from sim.cpp:9:
util.h:33:6: note: candidate: ‘template<class fixp_t, int F, int C, int M, int N> void load_fp_and_fixp_vals(float****, fixp_t****, std::__cxx11::string)’
 void load_fp_and_fixp_vals(float**** fp_arr, fixp_t**** fixp_arr, const std::string filepath){
      ^~~~~~~~~~~~~~~~~~~~~
util.h:33:6: note:   template argument deduction/substitution failed:
sim.cpp:136:46: note:   cannot convert ‘l21_c1_weight’ (type ‘float [128][128][3][3]’) to type ‘float****’
     load_fp_and_fixp_vals<wt_t, 128,128,3,3>(l21_c1_weight, fixp_l21_c1_weight, root_dir + VAR_NAME(l21_c1_weight));
                                              ^~~~~~~~~~~~~
In file included from sim.cpp:9:
util.h:136:6: note: candidate: ‘template<class fixp_t, int C, int M, int N> void load_fp_and_fixp_vals(float***, fixp_t***, std::__cxx11::string)’
 void load_fp_and_fixp_vals(float*** fp_arr, fixp_t*** fixp_arr, const std::string filepath){
      ^~~~~~~~~~~~~~~~~~~~~
util.h:136:6: note:   template argument deduction/substitution failed:
sim.cpp:136:115: error: wrong number of template arguments (5, should be 4)
     load_fp_and_fixp_vals<wt_t, 128,128,3,3>(l21_c1_weight, fixp_l21_c1_weight, root_dir + VAR_NAME(l21_c1_weight));
                                                                                                                   ^
In file included from sim.cpp:9:
util.h:146:6: note: candidate: ‘template<class fixp_t, int M, int N> void load_fp_and_fixp_vals(float**, fixp_t**, std::__cxx11::string)’
 void load_fp_and_fixp_vals(float** fp_arr, fixp_t** fixp_arr, const std::string filepath){
      ^~~~~~~~~~~~~~~~~~~~~
util.h:146:6: note:   template argument deduction/substitution failed:
sim.cpp:136:115: error: wrong number of template arguments (5, should be 3)
     load_fp_and_fixp_vals<wt_t, 128,128,3,3>(l21_c1_weight, fixp_l21_c1_weight, root_dir + VAR_NAME(l21_c1_weight));
                                                                                                                   ^
In file included from sim.cpp:9:
util.h:156:6: note: candidate: ‘template<class fixp_t, int N> void load_fp_and_fixp_vals(float*, fixp_t*, std::__cxx11::string)’
 void load_fp_and_fixp_vals(float* fp_arr, fixp_t* fixp_arr, const std::string filepath){
      ^~~~~~~~~~~~~~~~~~~~~
util.h:156:6: note:   template argument deduction/substitution failed:
sim.cpp:136:115: error: wrong number of template arguments (5, should be 2)
     load_fp_and_fixp_vals<wt_t, 128,128,3,3>(l21_c1_weight, fixp_l21_c1_weight, root_dir + VAR_NAME(l21_c1_weight));
                                                                                                                   ^
sim.cpp:138:115: error: no matching function for call to ‘load_fp_and_fixp_vals<wt_t, 128, 128, 3, 3>(float [128][128][3][3], wt_t [128][128][3][3], std::__cxx11::basic_string<char>)’
     load_fp_and_fixp_vals<wt_t, 128,128,3,3>(l21_c2_weight, fixp_l21_c2_weight, root_dir + VAR_NAME(l21_c2_weight));
                                                                                                                   ^
In file included from sim.cpp:9:
util.h:33:6: note: candidate: ‘template<class fixp_t, int F, int C, int M, int N> void load_fp_and_fixp_vals(float****, fixp_t****, std::__cxx11::string)’
 void load_fp_and_fixp_vals(float**** fp_arr, fixp_t**** fixp_arr, const std::string filepath){
      ^~~~~~~~~~~~~~~~~~~~~
util.h:33:6: note:   template argument deduction/substitution failed:
sim.cpp:138:46: note:   cannot convert ‘l21_c2_weight’ (type ‘float [128][128][3][3]’) to type ‘float****’
     load_fp_and_fixp_vals<wt_t, 128,128,3,3>(l21_c2_weight, fixp_l21_c2_weight, root_dir + VAR_NAME(l21_c2_weight));
                                              ^~~~~~~~~~~~~
In file included from sim.cpp:9:
util.h:136:6: note: candidate: ‘template<class fixp_t, int C, int M, int N> void load_fp_and_fixp_vals(float***, fixp_t***, std::__cxx11::string)’
 void load_fp_and_fixp_vals(float*** fp_arr, fixp_t*** fixp_arr, const std::string filepath){
      ^~~~~~~~~~~~~~~~~~~~~
util.h:136:6: note:   template argument deduction/substitution failed:
sim.cpp:138:115: error: wrong number of template arguments (5, should be 4)
     load_fp_and_fixp_vals<wt_t, 128,128,3,3>(l21_c2_weight, fixp_l21_c2_weight, root_dir + VAR_NAME(l21_c2_weight));
                                                                                                                   ^
In file included from sim.cpp:9:
util.h:146:6: note: candidate: ‘template<class fixp_t, int M, int N> void load_fp_and_fixp_vals(float**, fixp_t**, std::__cxx11::string)’
 void load_fp_and_fixp_vals(float** fp_arr, fixp_t** fixp_arr, const std::string filepath){
      ^~~~~~~~~~~~~~~~~~~~~
util.h:146:6: note:   template argument deduction/substitution failed:
sim.cpp:138:115: error: wrong number of template arguments (5, should be 3)
     load_fp_and_fixp_vals<wt_t, 128,128,3,3>(l21_c2_weight, fixp_l21_c2_weight, root_dir + VAR_NAME(l21_c2_weight));
                                                                                                                   ^
In file included from sim.cpp:9:
util.h:156:6: note: candidate: ‘template<class fixp_t, int N> void load_fp_and_fixp_vals(float*, fixp_t*, std::__cxx11::string)’
 void load_fp_and_fixp_vals(float* fp_arr, fixp_t* fixp_arr, const std::string filepath){
      ^~~~~~~~~~~~~~~~~~~~~
util.h:156:6: note:   template argument deduction/substitution failed:
sim.cpp:138:115: error: wrong number of template arguments (5, should be 2)
     load_fp_and_fixp_vals<wt_t, 128,128,3,3>(l21_c2_weight, fixp_l21_c2_weight, root_dir + VAR_NAME(l21_c2_weight));
                                                                                                                   ^
sim.cpp:140:112: error: no matching function for call to ‘load_fp_and_fixp_vals<wt_t, 256, 128, 1, 1>(float [256][128][1][1], wt_t [256][128][1][1], std::__cxx11::basic_string<char>)’
     load_fp_and_fixp_vals<wt_t, 256,128,1,1>(l3_ds_weight, fixp_l3_ds_weight, root_dir + VAR_NAME(l3_ds_weight));
                                                                                                                ^
In file included from sim.cpp:9:
util.h:33:6: note: candidate: ‘template<class fixp_t, int F, int C, int M, int N> void load_fp_and_fixp_vals(float****, fixp_t****, std::__cxx11::string)’
 void load_fp_and_fixp_vals(float**** fp_arr, fixp_t**** fixp_arr, const std::string filepath){
      ^~~~~~~~~~~~~~~~~~~~~
util.h:33:6: note:   template argument deduction/substitution failed:
sim.cpp:140:46: note:   cannot convert ‘l3_ds_weight’ (type ‘float [256][128][1][1]’) to type ‘float****’
     load_fp_and_fixp_vals<wt_t, 256,128,1,1>(l3_ds_weight, fixp_l3_ds_weight, root_dir + VAR_NAME(l3_ds_weight));
                                              ^~~~~~~~~~~~
In file included from sim.cpp:9:
util.h:136:6: note: candidate: ‘template<class fixp_t, int C, int M, int N> void load_fp_and_fixp_vals(float***, fixp_t***, std::__cxx11::string)’
 void load_fp_and_fixp_vals(float*** fp_arr, fixp_t*** fixp_arr, const std::string filepath){
      ^~~~~~~~~~~~~~~~~~~~~
util.h:136:6: note:   template argument deduction/substitution failed:
sim.cpp:140:112: error: wrong number of template arguments (5, should be 4)
     load_fp_and_fixp_vals<wt_t, 256,128,1,1>(l3_ds_weight, fixp_l3_ds_weight, root_dir + VAR_NAME(l3_ds_weight));
                                                                                                                ^
In file included from sim.cpp:9:
util.h:146:6: note: candidate: ‘template<class fixp_t, int M, int N> void load_fp_and_fixp_vals(float**, fixp_t**, std::__cxx11::string)’
 void load_fp_and_fixp_vals(float** fp_arr, fixp_t** fixp_arr, const std::string filepath){
      ^~~~~~~~~~~~~~~~~~~~~
util.h:146:6: note:   template argument deduction/substitution failed:
sim.cpp:140:112: error: wrong number of template arguments (5, should be 3)
     load_fp_and_fixp_vals<wt_t, 256,128,1,1>(l3_ds_weight, fixp_l3_ds_weight, root_dir + VAR_NAME(l3_ds_weight));
                                                                                                                ^
In file included from sim.cpp:9:
util.h:156:6: note: candidate: ‘template<class fixp_t, int N> void load_fp_and_fixp_vals(float*, fixp_t*, std::__cxx11::string)’
 void load_fp_and_fixp_vals(float* fp_arr, fixp_t* fixp_arr, const std::string filepath){
      ^~~~~~~~~~~~~~~~~~~~~
util.h:156:6: note:   template argument deduction/substitution failed:
sim.cpp:140:112: error: wrong number of template arguments (5, should be 2)
     load_fp_and_fixp_vals<wt_t, 256,128,1,1>(l3_ds_weight, fixp_l3_ds_weight, root_dir + VAR_NAME(l3_ds_weight));
                                                                                                                ^
sim.cpp:142:115: error: no matching function for call to ‘load_fp_and_fixp_vals<wt_t, 256, 128, 3, 3>(float [256][128][3][3], wt_t [256][128][3][3], std::__cxx11::basic_string<char>)’
     load_fp_and_fixp_vals<wt_t, 256,128,3,3>(l30_c1_weight, fixp_l30_c1_weight, root_dir + VAR_NAME(l30_c1_weight));
                                                                                                                   ^
In file included from sim.cpp:9:
util.h:33:6: note: candidate: ‘template<class fixp_t, int F, int C, int M, int N> void load_fp_and_fixp_vals(float****, fixp_t****, std::__cxx11::string)’
 void load_fp_and_fixp_vals(float**** fp_arr, fixp_t**** fixp_arr, const std::string filepath){
      ^~~~~~~~~~~~~~~~~~~~~
util.h:33:6: note:   template argument deduction/substitution failed:
sim.cpp:142:46: note:   cannot convert ‘l30_c1_weight’ (type ‘float [256][128][3][3]’) to type ‘float****’
     load_fp_and_fixp_vals<wt_t, 256,128,3,3>(l30_c1_weight, fixp_l30_c1_weight, root_dir + VAR_NAME(l30_c1_weight));
                                              ^~~~~~~~~~~~~
In file included from sim.cpp:9:
util.h:136:6: note: candidate: ‘template<class fixp_t, int C, int M, int N> void load_fp_and_fixp_vals(float***, fixp_t***, std::__cxx11::string)’
 void load_fp_and_fixp_vals(float*** fp_arr, fixp_t*** fixp_arr, const std::string filepath){
      ^~~~~~~~~~~~~~~~~~~~~
util.h:136:6: note:   template argument deduction/substitution failed:
sim.cpp:142:115: error: wrong number of template arguments (5, should be 4)
     load_fp_and_fixp_vals<wt_t, 256,128,3,3>(l30_c1_weight, fixp_l30_c1_weight, root_dir + VAR_NAME(l30_c1_weight));
                                                                                                                   ^
In file included from sim.cpp:9:
util.h:146:6: note: candidate: ‘template<class fixp_t, int M, int N> void load_fp_and_fixp_vals(float**, fixp_t**, std::__cxx11::string)’
 void load_fp_and_fixp_vals(float** fp_arr, fixp_t** fixp_arr, const std::string filepath){
      ^~~~~~~~~~~~~~~~~~~~~
util.h:146:6: note:   template argument deduction/substitution failed:
sim.cpp:142:115: error: wrong number of template arguments (5, should be 3)
     load_fp_and_fixp_vals<wt_t, 256,128,3,3>(l30_c1_weight, fixp_l30_c1_weight, root_dir + VAR_NAME(l30_c1_weight));
                                                                                                                   ^
In file included from sim.cpp:9:
util.h:156:6: note: candidate: ‘template<class fixp_t, int N> void load_fp_and_fixp_vals(float*, fixp_t*, std::__cxx11::string)’
 void load_fp_and_fixp_vals(float* fp_arr, fixp_t* fixp_arr, const std::string filepath){
      ^~~~~~~~~~~~~~~~~~~~~
util.h:156:6: note:   template argument deduction/substitution failed:
sim.cpp:142:115: error: wrong number of template arguments (5, should be 2)
     load_fp_and_fixp_vals<wt_t, 256,128,3,3>(l30_c1_weight, fixp_l30_c1_weight, root_dir + VAR_NAME(l30_c1_weight));
                                                                                                                   ^
sim.cpp:144:115: error: no matching function for call to ‘load_fp_and_fixp_vals<wt_t, 256, 256, 3, 3>(float [256][256][3][3], wt_t [256][256][3][3], std::__cxx11::basic_string<char>)’
     load_fp_and_fixp_vals<wt_t, 256,256,3,3>(l30_c2_weight, fixp_l30_c2_weight, root_dir + VAR_NAME(l30_c2_weight));
                                                                                                                   ^
In file included from sim.cpp:9:
util.h:33:6: note: candidate: ‘template<class fixp_t, int F, int C, int M, int N> void load_fp_and_fixp_vals(float****, fixp_t****, std::__cxx11::string)’
 void load_fp_and_fixp_vals(float**** fp_arr, fixp_t**** fixp_arr, const std::string filepath){
      ^~~~~~~~~~~~~~~~~~~~~
util.h:33:6: note:   template argument deduction/substitution failed:
sim.cpp:144:46: note:   cannot convert ‘l30_c2_weight’ (type ‘float [256][256][3][3]’) to type ‘float****’
     load_fp_and_fixp_vals<wt_t, 256,256,3,3>(l30_c2_weight, fixp_l30_c2_weight, root_dir + VAR_NAME(l30_c2_weight));
                                              ^~~~~~~~~~~~~
In file included from sim.cpp:9:
util.h:136:6: note: candidate: ‘template<class fixp_t, int C, int M, int N> void load_fp_and_fixp_vals(float***, fixp_t***, std::__cxx11::string)’
 void load_fp_and_fixp_vals(float*** fp_arr, fixp_t*** fixp_arr, const std::string filepath){
      ^~~~~~~~~~~~~~~~~~~~~
util.h:136:6: note:   template argument deduction/substitution failed:
sim.cpp:144:115: error: wrong number of template arguments (5, should be 4)
     load_fp_and_fixp_vals<wt_t, 256,256,3,3>(l30_c2_weight, fixp_l30_c2_weight, root_dir + VAR_NAME(l30_c2_weight));
                                                                                                                   ^
In file included from sim.cpp:9:
util.h:146:6: note: candidate: ‘template<class fixp_t, int M, int N> void load_fp_and_fixp_vals(float**, fixp_t**, std::__cxx11::string)’
 void load_fp_and_fixp_vals(float** fp_arr, fixp_t** fixp_arr, const std::string filepath){
      ^~~~~~~~~~~~~~~~~~~~~
util.h:146:6: note:   template argument deduction/substitution failed:
sim.cpp:144:115: error: wrong number of template arguments (5, should be 3)
     load_fp_and_fixp_vals<wt_t, 256,256,3,3>(l30_c2_weight, fixp_l30_c2_weight, root_dir + VAR_NAME(l30_c2_weight));
                                                                                                                   ^
In file included from sim.cpp:9:
util.h:156:6: note: candidate: ‘template<class fixp_t, int N> void load_fp_and_fixp_vals(float*, fixp_t*, std::__cxx11::string)’
 void load_fp_and_fixp_vals(float* fp_arr, fixp_t* fixp_arr, const std::string filepath){
      ^~~~~~~~~~~~~~~~~~~~~
util.h:156:6: note:   template argument deduction/substitution failed:
sim.cpp:144:115: error: wrong number of template arguments (5, should be 2)
     load_fp_and_fixp_vals<wt_t, 256,256,3,3>(l30_c2_weight, fixp_l30_c2_weight, root_dir + VAR_NAME(l30_c2_weight));
                                                                                                                   ^
sim.cpp:146:115: error: no matching function for call to ‘load_fp_and_fixp_vals<wt_t, 256, 256, 3, 3>(float [256][256][3][3], wt_t [256][256][3][3], std::__cxx11::basic_string<char>)’
     load_fp_and_fixp_vals<wt_t, 256,256,3,3>(l31_c1_weight, fixp_l31_c1_weight, root_dir + VAR_NAME(l31_c1_weight));
                                                                                                                   ^
In file included from sim.cpp:9:
util.h:33:6: note: candidate: ‘template<class fixp_t, int F, int C, int M, int N> void load_fp_and_fixp_vals(float****, fixp_t****, std::__cxx11::string)’
 void load_fp_and_fixp_vals(float**** fp_arr, fixp_t**** fixp_arr, const std::string filepath){
      ^~~~~~~~~~~~~~~~~~~~~
util.h:33:6: note:   template argument deduction/substitution failed:
sim.cpp:146:46: note:   cannot convert ‘l31_c1_weight’ (type ‘float [256][256][3][3]’) to type ‘float****’
     load_fp_and_fixp_vals<wt_t, 256,256,3,3>(l31_c1_weight, fixp_l31_c1_weight, root_dir + VAR_NAME(l31_c1_weight));
                                              ^~~~~~~~~~~~~
In file included from sim.cpp:9:
util.h:136:6: note: candidate: ‘template<class fixp_t, int C, int M, int N> void load_fp_and_fixp_vals(float***, fixp_t***, std::__cxx11::string)’
 void load_fp_and_fixp_vals(float*** fp_arr, fixp_t*** fixp_arr, const std::string filepath){
      ^~~~~~~~~~~~~~~~~~~~~
util.h:136:6: note:   template argument deduction/substitution failed:
sim.cpp:146:115: error: wrong number of template arguments (5, should be 4)
     load_fp_and_fixp_vals<wt_t, 256,256,3,3>(l31_c1_weight, fixp_l31_c1_weight, root_dir + VAR_NAME(l31_c1_weight));
                                                                                                                   ^
In file included from sim.cpp:9:
util.h:146:6: note: candidate: ‘template<class fixp_t, int M, int N> void load_fp_and_fixp_vals(float**, fixp_t**, std::__cxx11::string)’
 void load_fp_and_fixp_vals(float** fp_arr, fixp_t** fixp_arr, const std::string filepath){
      ^~~~~~~~~~~~~~~~~~~~~
util.h:146:6: note:   template argument deduction/substitution failed:
sim.cpp:146:115: error: wrong number of template arguments (5, should be 3)
     load_fp_and_fixp_vals<wt_t, 256,256,3,3>(l31_c1_weight, fixp_l31_c1_weight, root_dir + VAR_NAME(l31_c1_weight));
                                                                                                                   ^
In file included from sim.cpp:9:
util.h:156:6: note: candidate: ‘template<class fixp_t, int N> void load_fp_and_fixp_vals(float*, fixp_t*, std::__cxx11::string)’
 void load_fp_and_fixp_vals(float* fp_arr, fixp_t* fixp_arr, const std::string filepath){
      ^~~~~~~~~~~~~~~~~~~~~
util.h:156:6: note:   template argument deduction/substitution failed:
sim.cpp:146:115: error: wrong number of template arguments (5, should be 2)
     load_fp_and_fixp_vals<wt_t, 256,256,3,3>(l31_c1_weight, fixp_l31_c1_weight, root_dir + VAR_NAME(l31_c1_weight));
                                                                                                                   ^
sim.cpp:148:115: error: no matching function for call to ‘load_fp_and_fixp_vals<wt_t, 256, 256, 3, 3>(float [256][256][3][3], wt_t [256][256][3][3], std::__cxx11::basic_string<char>)’
     load_fp_and_fixp_vals<wt_t, 256,256,3,3>(l31_c2_weight, fixp_l31_c2_weight, root_dir + VAR_NAME(l31_c2_weight));
                                                                                                                   ^
In file included from sim.cpp:9:
util.h:33:6: note: candidate: ‘template<class fixp_t, int F, int C, int M, int N> void load_fp_and_fixp_vals(float****, fixp_t****, std::__cxx11::string)’
 void load_fp_and_fixp_vals(float**** fp_arr, fixp_t**** fixp_arr, const std::string filepath){
      ^~~~~~~~~~~~~~~~~~~~~
util.h:33:6: note:   template argument deduction/substitution failed:
sim.cpp:148:46: note:   cannot convert ‘l31_c2_weight’ (type ‘float [256][256][3][3]’) to type ‘float****’
     load_fp_and_fixp_vals<wt_t, 256,256,3,3>(l31_c2_weight, fixp_l31_c2_weight, root_dir + VAR_NAME(l31_c2_weight));
                                              ^~~~~~~~~~~~~
In file included from sim.cpp:9:
util.h:136:6: note: candidate: ‘template<class fixp_t, int C, int M, int N> void load_fp_and_fixp_vals(float***, fixp_t***, std::__cxx11::string)’
 void load_fp_and_fixp_vals(float*** fp_arr, fixp_t*** fixp_arr, const std::string filepath){
      ^~~~~~~~~~~~~~~~~~~~~
util.h:136:6: note:   template argument deduction/substitution failed:
sim.cpp:148:115: error: wrong number of template arguments (5, should be 4)
     load_fp_and_fixp_vals<wt_t, 256,256,3,3>(l31_c2_weight, fixp_l31_c2_weight, root_dir + VAR_NAME(l31_c2_weight));
                                                                                                                   ^
In file included from sim.cpp:9:
util.h:146:6: note: candidate: ‘template<class fixp_t, int M, int N> void load_fp_and_fixp_vals(float**, fixp_t**, std::__cxx11::string)’
 void load_fp_and_fixp_vals(float** fp_arr, fixp_t** fixp_arr, const std::string filepath){
      ^~~~~~~~~~~~~~~~~~~~~
util.h:146:6: note:   template argument deduction/substitution failed:
sim.cpp:148:115: error: wrong number of template arguments (5, should be 3)
     load_fp_and_fixp_vals<wt_t, 256,256,3,3>(l31_c2_weight, fixp_l31_c2_weight, root_dir + VAR_NAME(l31_c2_weight));
                                                                                                                   ^
In file included from sim.cpp:9:
util.h:156:6: note: candidate: ‘template<class fixp_t, int N> void load_fp_and_fixp_vals(float*, fixp_t*, std::__cxx11::string)’
 void load_fp_and_fixp_vals(float* fp_arr, fixp_t* fixp_arr, const std::string filepath){
      ^~~~~~~~~~~~~~~~~~~~~
util.h:156:6: note:   template argument deduction/substitution failed:
sim.cpp:148:115: error: wrong number of template arguments (5, should be 2)
     load_fp_and_fixp_vals<wt_t, 256,256,3,3>(l31_c2_weight, fixp_l31_c2_weight, root_dir + VAR_NAME(l31_c2_weight));
                                                                                                                   ^
sim.cpp:150:112: error: no matching function for call to ‘load_fp_and_fixp_vals<wt_t, 512, 256, 1, 1>(float [512][256][1][1], wt_t [512][256][1][1], std::__cxx11::basic_string<char>)’
     load_fp_and_fixp_vals<wt_t, 512,256,1,1>(l4_ds_weight, fixp_l4_ds_weight, root_dir + VAR_NAME(l4_ds_weight));
                                                                                                                ^
In file included from sim.cpp:9:
util.h:33:6: note: candidate: ‘template<class fixp_t, int F, int C, int M, int N> void load_fp_and_fixp_vals(float****, fixp_t****, std::__cxx11::string)’
 void load_fp_and_fixp_vals(float**** fp_arr, fixp_t**** fixp_arr, const std::string filepath){
      ^~~~~~~~~~~~~~~~~~~~~
util.h:33:6: note:   template argument deduction/substitution failed:
sim.cpp:150:46: note:   cannot convert ‘l4_ds_weight’ (type ‘float [512][256][1][1]’) to type ‘float****’
     load_fp_and_fixp_vals<wt_t, 512,256,1,1>(l4_ds_weight, fixp_l4_ds_weight, root_dir + VAR_NAME(l4_ds_weight));
                                              ^~~~~~~~~~~~
In file included from sim.cpp:9:
util.h:136:6: note: candidate: ‘template<class fixp_t, int C, int M, int N> void load_fp_and_fixp_vals(float***, fixp_t***, std::__cxx11::string)’
 void load_fp_and_fixp_vals(float*** fp_arr, fixp_t*** fixp_arr, const std::string filepath){
      ^~~~~~~~~~~~~~~~~~~~~
util.h:136:6: note:   template argument deduction/substitution failed:
sim.cpp:150:112: error: wrong number of template arguments (5, should be 4)
     load_fp_and_fixp_vals<wt_t, 512,256,1,1>(l4_ds_weight, fixp_l4_ds_weight, root_dir + VAR_NAME(l4_ds_weight));
                                                                                                                ^
In file included from sim.cpp:9:
util.h:146:6: note: candidate: ‘template<class fixp_t, int M, int N> void load_fp_and_fixp_vals(float**, fixp_t**, std::__cxx11::string)’
 void load_fp_and_fixp_vals(float** fp_arr, fixp_t** fixp_arr, const std::string filepath){
      ^~~~~~~~~~~~~~~~~~~~~
util.h:146:6: note:   template argument deduction/substitution failed:
sim.cpp:150:112: error: wrong number of template arguments (5, should be 3)
     load_fp_and_fixp_vals<wt_t, 512,256,1,1>(l4_ds_weight, fixp_l4_ds_weight, root_dir + VAR_NAME(l4_ds_weight));
                                                                                                                ^
In file included from sim.cpp:9:
util.h:156:6: note: candidate: ‘template<class fixp_t, int N> void load_fp_and_fixp_vals(float*, fixp_t*, std::__cxx11::string)’
 void load_fp_and_fixp_vals(float* fp_arr, fixp_t* fixp_arr, const std::string filepath){
      ^~~~~~~~~~~~~~~~~~~~~
util.h:156:6: note:   template argument deduction/substitution failed:
sim.cpp:150:112: error: wrong number of template arguments (5, should be 2)
     load_fp_and_fixp_vals<wt_t, 512,256,1,1>(l4_ds_weight, fixp_l4_ds_weight, root_dir + VAR_NAME(l4_ds_weight));
                                                                                                                ^
sim.cpp:152:115: error: no matching function for call to ‘load_fp_and_fixp_vals<wt_t, 512, 256, 3, 3>(float [512][256][3][3], wt_t [512][256][3][3], std::__cxx11::basic_string<char>)’
     load_fp_and_fixp_vals<wt_t, 512,256,3,3>(l40_c1_weight, fixp_l40_c1_weight, root_dir + VAR_NAME(l40_c1_weight));
                                                                                                                   ^
In file included from sim.cpp:9:
util.h:33:6: note: candidate: ‘template<class fixp_t, int F, int C, int M, int N> void load_fp_and_fixp_vals(float****, fixp_t****, std::__cxx11::string)’
 void load_fp_and_fixp_vals(float**** fp_arr, fixp_t**** fixp_arr, const std::string filepath){
      ^~~~~~~~~~~~~~~~~~~~~
util.h:33:6: note:   template argument deduction/substitution failed:
sim.cpp:152:46: note:   cannot convert ‘l40_c1_weight’ (type ‘float [512][256][3][3]’) to type ‘float****’
     load_fp_and_fixp_vals<wt_t, 512,256,3,3>(l40_c1_weight, fixp_l40_c1_weight, root_dir + VAR_NAME(l40_c1_weight));
                                              ^~~~~~~~~~~~~
In file included from sim.cpp:9:
util.h:136:6: note: candidate: ‘template<class fixp_t, int C, int M, int N> void load_fp_and_fixp_vals(float***, fixp_t***, std::__cxx11::string)’
 void load_fp_and_fixp_vals(float*** fp_arr, fixp_t*** fixp_arr, const std::string filepath){
      ^~~~~~~~~~~~~~~~~~~~~
util.h:136:6: note:   template argument deduction/substitution failed:
sim.cpp:152:115: error: wrong number of template arguments (5, should be 4)
     load_fp_and_fixp_vals<wt_t, 512,256,3,3>(l40_c1_weight, fixp_l40_c1_weight, root_dir + VAR_NAME(l40_c1_weight));
                                                                                                                   ^
In file included from sim.cpp:9:
util.h:146:6: note: candidate: ‘template<class fixp_t, int M, int N> void load_fp_and_fixp_vals(float**, fixp_t**, std::__cxx11::string)’
 void load_fp_and_fixp_vals(float** fp_arr, fixp_t** fixp_arr, const std::string filepath){
      ^~~~~~~~~~~~~~~~~~~~~
util.h:146:6: note:   template argument deduction/substitution failed:
sim.cpp:152:115: error: wrong number of template arguments (5, should be 3)
     load_fp_and_fixp_vals<wt_t, 512,256,3,3>(l40_c1_weight, fixp_l40_c1_weight, root_dir + VAR_NAME(l40_c1_weight));
                                                                                                                   ^
In file included from sim.cpp:9:
util.h:156:6: note: candidate: ‘template<class fixp_t, int N> void load_fp_and_fixp_vals(float*, fixp_t*, std::__cxx11::string)’
 void load_fp_and_fixp_vals(float* fp_arr, fixp_t* fixp_arr, const std::string filepath){
      ^~~~~~~~~~~~~~~~~~~~~
util.h:156:6: note:   template argument deduction/substitution failed:
sim.cpp:152:115: error: wrong number of template arguments (5, should be 2)
     load_fp_and_fixp_vals<wt_t, 512,256,3,3>(l40_c1_weight, fixp_l40_c1_weight, root_dir + VAR_NAME(l40_c1_weight));
                                                                                                                   ^
sim.cpp:154:115: error: no matching function for call to ‘load_fp_and_fixp_vals<wt_t, 512, 512, 3, 3>(float [512][512][3][3], wt_t [512][512][3][3], std::__cxx11::basic_string<char>)’
     load_fp_and_fixp_vals<wt_t, 512,512,3,3>(l40_c2_weight, fixp_l40_c2_weight, root_dir + VAR_NAME(l40_c2_weight));
                                                                                                                   ^
In file included from sim.cpp:9:
util.h:33:6: note: candidate: ‘template<class fixp_t, int F, int C, int M, int N> void load_fp_and_fixp_vals(float****, fixp_t****, std::__cxx11::string)’
 void load_fp_and_fixp_vals(float**** fp_arr, fixp_t**** fixp_arr, const std::string filepath){
      ^~~~~~~~~~~~~~~~~~~~~
util.h:33:6: note:   template argument deduction/substitution failed:
sim.cpp:154:46: note:   cannot convert ‘l40_c2_weight’ (type ‘float [512][512][3][3]’) to type ‘float****’
     load_fp_and_fixp_vals<wt_t, 512,512,3,3>(l40_c2_weight, fixp_l40_c2_weight, root_dir + VAR_NAME(l40_c2_weight));
                                              ^~~~~~~~~~~~~
In file included from sim.cpp:9:
util.h:136:6: note: candidate: ‘template<class fixp_t, int C, int M, int N> void load_fp_and_fixp_vals(float***, fixp_t***, std::__cxx11::string)’
 void load_fp_and_fixp_vals(float*** fp_arr, fixp_t*** fixp_arr, const std::string filepath){
      ^~~~~~~~~~~~~~~~~~~~~
util.h:136:6: note:   template argument deduction/substitution failed:
sim.cpp:154:115: error: wrong number of template arguments (5, should be 4)
     load_fp_and_fixp_vals<wt_t, 512,512,3,3>(l40_c2_weight, fixp_l40_c2_weight, root_dir + VAR_NAME(l40_c2_weight));
                                                                                                                   ^
In file included from sim.cpp:9:
util.h:146:6: note: candidate: ‘template<class fixp_t, int M, int N> void load_fp_and_fixp_vals(float**, fixp_t**, std::__cxx11::string)’
 void load_fp_and_fixp_vals(float** fp_arr, fixp_t** fixp_arr, const std::string filepath){
      ^~~~~~~~~~~~~~~~~~~~~
util.h:146:6: note:   template argument deduction/substitution failed:
sim.cpp:154:115: error: wrong number of template arguments (5, should be 3)
     load_fp_and_fixp_vals<wt_t, 512,512,3,3>(l40_c2_weight, fixp_l40_c2_weight, root_dir + VAR_NAME(l40_c2_weight));
                                                                                                                   ^
In file included from sim.cpp:9:
util.h:156:6: note: candidate: ‘template<class fixp_t, int N> void load_fp_and_fixp_vals(float*, fixp_t*, std::__cxx11::string)’
 void load_fp_and_fixp_vals(float* fp_arr, fixp_t* fixp_arr, const std::string filepath){
      ^~~~~~~~~~~~~~~~~~~~~
util.h:156:6: note:   template argument deduction/substitution failed:
sim.cpp:154:115: error: wrong number of template arguments (5, should be 2)
     load_fp_and_fixp_vals<wt_t, 512,512,3,3>(l40_c2_weight, fixp_l40_c2_weight, root_dir + VAR_NAME(l40_c2_weight));
                                                                                                                   ^
sim.cpp:156:115: error: no matching function for call to ‘load_fp_and_fixp_vals<wt_t, 512, 512, 3, 3>(float [512][512][3][3], wt_t [512][512][3][3], std::__cxx11::basic_string<char>)’
     load_fp_and_fixp_vals<wt_t, 512,512,3,3>(l41_c1_weight, fixp_l41_c1_weight, root_dir + VAR_NAME(l41_c1_weight));
                                                                                                                   ^
In file included from sim.cpp:9:
util.h:33:6: note: candidate: ‘template<class fixp_t, int F, int C, int M, int N> void load_fp_and_fixp_vals(float****, fixp_t****, std::__cxx11::string)’
 void load_fp_and_fixp_vals(float**** fp_arr, fixp_t**** fixp_arr, const std::string filepath){
      ^~~~~~~~~~~~~~~~~~~~~
util.h:33:6: note:   template argument deduction/substitution failed:
sim.cpp:156:46: note:   cannot convert ‘l41_c1_weight’ (type ‘float [512][512][3][3]’) to type ‘float****’
     load_fp_and_fixp_vals<wt_t, 512,512,3,3>(l41_c1_weight, fixp_l41_c1_weight, root_dir + VAR_NAME(l41_c1_weight));
                                              ^~~~~~~~~~~~~
In file included from sim.cpp:9:
util.h:136:6: note: candidate: ‘template<class fixp_t, int C, int M, int N> void load_fp_and_fixp_vals(float***, fixp_t***, std::__cxx11::string)’
 void load_fp_and_fixp_vals(float*** fp_arr, fixp_t*** fixp_arr, const std::string filepath){
      ^~~~~~~~~~~~~~~~~~~~~
util.h:136:6: note:   template argument deduction/substitution failed:
sim.cpp:156:115: error: wrong number of template arguments (5, should be 4)
     load_fp_and_fixp_vals<wt_t, 512,512,3,3>(l41_c1_weight, fixp_l41_c1_weight, root_dir + VAR_NAME(l41_c1_weight));
                                                                                                                   ^
In file included from sim.cpp:9:
util.h:146:6: note: candidate: ‘template<class fixp_t, int M, int N> void load_fp_and_fixp_vals(float**, fixp_t**, std::__cxx11::string)’
 void load_fp_and_fixp_vals(float** fp_arr, fixp_t** fixp_arr, const std::string filepath){
      ^~~~~~~~~~~~~~~~~~~~~
util.h:146:6: note:   template argument deduction/substitution failed:
sim.cpp:156:115: error: wrong number of template arguments (5, should be 3)
     load_fp_and_fixp_vals<wt_t, 512,512,3,3>(l41_c1_weight, fixp_l41_c1_weight, root_dir + VAR_NAME(l41_c1_weight));
                                                                                                                   ^
In file included from sim.cpp:9:
util.h:156:6: note: candidate: ‘template<class fixp_t, int N> void load_fp_and_fixp_vals(float*, fixp_t*, std::__cxx11::string)’
 void load_fp_and_fixp_vals(float* fp_arr, fixp_t* fixp_arr, const std::string filepath){
      ^~~~~~~~~~~~~~~~~~~~~
util.h:156:6: note:   template argument deduction/substitution failed:
sim.cpp:156:115: error: wrong number of template arguments (5, should be 2)
     load_fp_and_fixp_vals<wt_t, 512,512,3,3>(l41_c1_weight, fixp_l41_c1_weight, root_dir + VAR_NAME(l41_c1_weight));
                                                                                                                   ^
sim.cpp:158:115: error: no matching function for call to ‘load_fp_and_fixp_vals<wt_t, 512, 512, 3, 3>(float [512][512][3][3], wt_t [512][512][3][3], std::__cxx11::basic_string<char>)’
     load_fp_and_fixp_vals<wt_t, 512,512,3,3>(l41_c2_weight, fixp_l41_c2_weight, root_dir + VAR_NAME(l41_c2_weight));
                                                                                                                   ^
In file included from sim.cpp:9:
util.h:33:6: note: candidate: ‘template<class fixp_t, int F, int C, int M, int N> void load_fp_and_fixp_vals(float****, fixp_t****, std::__cxx11::string)’
 void load_fp_and_fixp_vals(float**** fp_arr, fixp_t**** fixp_arr, const std::string filepath){
      ^~~~~~~~~~~~~~~~~~~~~
util.h:33:6: note:   template argument deduction/substitution failed:
sim.cpp:158:46: note:   cannot convert ‘l41_c2_weight’ (type ‘float [512][512][3][3]’) to type ‘float****’
     load_fp_and_fixp_vals<wt_t, 512,512,3,3>(l41_c2_weight, fixp_l41_c2_weight, root_dir + VAR_NAME(l41_c2_weight));
                                              ^~~~~~~~~~~~~
In file included from sim.cpp:9:
util.h:136:6: note: candidate: ‘template<class fixp_t, int C, int M, int N> void load_fp_and_fixp_vals(float***, fixp_t***, std::__cxx11::string)’
 void load_fp_and_fixp_vals(float*** fp_arr, fixp_t*** fixp_arr, const std::string filepath){
      ^~~~~~~~~~~~~~~~~~~~~
util.h:136:6: note:   template argument deduction/substitution failed:
sim.cpp:158:115: error: wrong number of template arguments (5, should be 4)
     load_fp_and_fixp_vals<wt_t, 512,512,3,3>(l41_c2_weight, fixp_l41_c2_weight, root_dir + VAR_NAME(l41_c2_weight));
                                                                                                                   ^
In file included from sim.cpp:9:
util.h:146:6: note: candidate: ‘template<class fixp_t, int M, int N> void load_fp_and_fixp_vals(float**, fixp_t**, std::__cxx11::string)’
 void load_fp_and_fixp_vals(float** fp_arr, fixp_t** fixp_arr, const std::string filepath){
      ^~~~~~~~~~~~~~~~~~~~~
util.h:146:6: note:   template argument deduction/substitution failed:
sim.cpp:158:115: error: wrong number of template arguments (5, should be 3)
     load_fp_and_fixp_vals<wt_t, 512,512,3,3>(l41_c2_weight, fixp_l41_c2_weight, root_dir + VAR_NAME(l41_c2_weight));
                                                                                                                   ^
In file included from sim.cpp:9:
util.h:156:6: note: candidate: ‘template<class fixp_t, int N> void load_fp_and_fixp_vals(float*, fixp_t*, std::__cxx11::string)’
 void load_fp_and_fixp_vals(float* fp_arr, fixp_t* fixp_arr, const std::string filepath){
      ^~~~~~~~~~~~~~~~~~~~~
util.h:156:6: note:   template argument deduction/substitution failed:
sim.cpp:158:115: error: wrong number of template arguments (5, should be 2)
     load_fp_and_fixp_vals<wt_t, 512,512,3,3>(l41_c2_weight, fixp_l41_c2_weight, root_dir + VAR_NAME(l41_c2_weight));
                                                                                                                   ^
sim.cpp:160:100: error: no matching function for call to ‘load_fp_and_fixp_vals<wt_t, 1000, 512>(float [1000][512], wt_t [1000][512], std::__cxx11::basic_string<char>)’
     load_fp_and_fixp_vals<wt_t, 1000,512>(fc_weight, fixp_fc_weight, root_dir + VAR_NAME(fc_weight));
                                                                                                    ^
In file included from sim.cpp:9:
util.h:33:6: note: candidate: ‘template<class fixp_t, int F, int C, int M, int N> void load_fp_and_fixp_vals(float****, fixp_t****, std::__cxx11::string)’
 void load_fp_and_fixp_vals(float**** fp_arr, fixp_t**** fixp_arr, const std::string filepath){
      ^~~~~~~~~~~~~~~~~~~~~
util.h:33:6: note:   template argument deduction/substitution failed:
sim.cpp:160:100: note:   couldn't deduce template parameter ‘M’
     load_fp_and_fixp_vals<wt_t, 1000,512>(fc_weight, fixp_fc_weight, root_dir + VAR_NAME(fc_weight));
                                                                                                    ^
In file included from sim.cpp:9:
util.h:136:6: note: candidate: ‘template<class fixp_t, int C, int M, int N> void load_fp_and_fixp_vals(float***, fixp_t***, std::__cxx11::string)’
 void load_fp_and_fixp_vals(float*** fp_arr, fixp_t*** fixp_arr, const std::string filepath){
      ^~~~~~~~~~~~~~~~~~~~~
util.h:136:6: note:   template argument deduction/substitution failed:
sim.cpp:160:100: note:   couldn't deduce template parameter ‘N’
     load_fp_and_fixp_vals<wt_t, 1000,512>(fc_weight, fixp_fc_weight, root_dir + VAR_NAME(fc_weight));
                                                                                                    ^
In file included from sim.cpp:9:
util.h:146:6: note: candidate: ‘template<class fixp_t, int M, int N> void load_fp_and_fixp_vals(float**, fixp_t**, std::__cxx11::string)’
 void load_fp_and_fixp_vals(float** fp_arr, fixp_t** fixp_arr, const std::string filepath){
      ^~~~~~~~~~~~~~~~~~~~~
util.h:146:6: note:   template argument deduction/substitution failed:
sim.cpp:160:43: note:   cannot convert ‘fc_weight’ (type ‘float [1000][512]’) to type ‘float**’
     load_fp_and_fixp_vals<wt_t, 1000,512>(fc_weight, fixp_fc_weight, root_dir + VAR_NAME(fc_weight));
                                           ^~~~~~~~~
In file included from sim.cpp:9:
util.h:156:6: note: candidate: ‘template<class fixp_t, int N> void load_fp_and_fixp_vals(float*, fixp_t*, std::__cxx11::string)’
 void load_fp_and_fixp_vals(float* fp_arr, fixp_t* fixp_arr, const std::string filepath){
      ^~~~~~~~~~~~~~~~~~~~~
util.h:156:6: note:   template argument deduction/substitution failed:
sim.cpp:160:100: error: wrong number of template arguments (3, should be 2)
     load_fp_and_fixp_vals<wt_t, 1000,512>(fc_weight, fixp_fc_weight, root_dir + VAR_NAME(fc_weight));
                                                                                                    ^
In file included from resnet18.cpp:5,
                 from sim.cpp:11:
max_pool.h: In instantiation of ‘void maxpool2d(fm_t (*)[OH][OW], fm_t (*)[IH][IW]) [with int ID = 64; int IH = 112; int IW = 112; int OD = 64; int OH = 56; int OW = 56; int KH = 3; int KW = 3; int ST = 2; int PD = 1; fm_t = float]’:
resnet18.cpp:82:47:   required from here
max_pool.h:22:22: warning: conversion from ‘double’ to ‘fm_t’ {aka ‘float’} changes value from ‘-1.0000000000000001e-9’ to ‘-9.99999972e-10’ [-Wfloat-conversion]
                 fm_t max_val = -1e-09;
                      ^~~~~~~
make: *** [Makefile:23: sim] Error 1
